D:\SRC\GAMES\KINECTCHESS\KINECTCHESS\RELEASE\BITMAP.OBJ
D:\src\games\KinectChess\KinectChess\Release\cl.command.1.tlog
D:\src\games\KinectChess\KinectChess\Release\CL.read.1.tlog
D:\src\games\KinectChess\KinectChess\Release\CL.write.1.tlog
D:\SRC\GAMES\KINECTCHESS\KINECTCHESS\RELEASE\CONTROL.OBJ
D:\SRC\GAMES\KINECTCHESS\KINECTCHESS\RELEASE\GLENGINE.OBJ
D:\SRC\GAMES\KINECTCHESS\KINECTCHESS\RELEASE\KINECTCHESS.EXE.INTERMEDIATE.MANIFEST
D:\SRC\GAMES\KINECTCHESS\KINECTCHESS\RELEASE\KINECTCHESS.RES
D:\src\games\KinectChess\KinectChess\Release\link.command.1.tlog
D:\src\games\KinectChess\KinectChess\Release\link.read.1.tlog
D:\src\games\KinectChess\KinectChess\Release\link.write.1.tlog
D:\src\games\KinectChess\KinectChess\Release\link-cvtres.read.1.tlog
D:\src\games\KinectChess\KinectChess\Release\link-cvtres.write.1.tlog
D:\SRC\GAMES\KINECTCHESS\KINECTCHESS\RELEASE\MAIN.OBJ
D:\SRC\GAMES\KINECTCHESS\KINECTCHESS\RELEASE\MODELOBJ.OBJ
D:\src\games\KinectChess\KinectChess\Release\mt.command.1.tlog
D:\src\games\KinectChess\KinectChess\Release\mt.read.1.tlog
D:\src\games\KinectChess\KinectChess\Release\mt.write.1.tlog
D:\SRC\GAMES\KINECTCHESS\KINECTCHESS\RELEASE\POINTDRAWER.OBJ
D:\src\games\KinectChess\KinectChess\Release\rc.command.1.tlog
D:\src\games\KinectChess\KinectChess\Release\rc.read.1.tlog
D:\src\games\KinectChess\KinectChess\Release\rc.write.1.tlog
D:\SRC\GAMES\KINECTCHESS\KINECTCHESS\RELEASE\SHADER.OBJ
D:\SRC\GAMES\KINECTCHESS\KINECTCHESS\RELEASE\TEXTURE.OBJ
D:\SRC\GAMES\KINECTCHESS\KINECTCHESS\RELEASE\TRANSFORM.OBJ
D:\SRC\GAMES\KINECTCHESS\KINECTCHESS\RELEASE\VC100.PDB
D:\SRC\GAMES\KINECTCHESS\RELEASE\KINECTCHESS.EXE
D:\SRC\GAMES\KINECTCHESS\RELEASE\KINECTCHESS.PDB
